<?xml version="1.0" encoding="UTF-8"?>
<!-- Generated by org.testng.reporters.JUnitXMLReporter -->
<testsuite hostname="Priya-PC" ignored="0" name="Test" tests="4" failures="0" timestamp="19 Nov 2020 00:10:49 GMT" time="24.694" errors="0">
  <testcase name="test" time="11.594" classname="dockersgrid.testWithChrome2"/>
  <testcase name="test" time="22.202" classname="dockersgrid.testwithChrome3"/>
  <testcase name="test" time="24.139" classname="dockersgrid.testWithFirefox_1"/>
  <testcase name="test" time="24.655" classname="dockersgrid.testWithChrome_1"/>
</testsuite> <!-- Test -->
