<?xml version="1.0" encoding="UTF-8"?>
<testng-results skipped="0" failed="0" ignored="0" total="4" passed="4">
  <reporter-output>
  </reporter-output>
  <suite name="Suite" duration-ms="24694" started-at="2020-11-19T00:10:24Z" finished-at="2020-11-19T00:10:49Z">
    <groups>
    </groups>
    <test name="Test" duration-ms="24694" started-at="2020-11-19T00:10:24Z" finished-at="2020-11-19T00:10:49Z">
      <class name="dockersgrid.testWithChrome_1">
        <test-method status="PASS" signature="test()[pri:0, instance:dockersgrid.testWithChrome_1@224edc67]" name="test" duration-ms="24655" started-at="2020-11-19T00:10:24Z" finished-at="2020-11-19T00:10:49Z">
          <reporter-output>
          </reporter-output>
        </test-method> <!-- test -->
      </class> <!-- dockersgrid.testWithChrome_1 -->
      <class name="dockersgrid.testwithChrome3">
        <test-method status="PASS" signature="test()[pri:0, instance:dockersgrid.testwithChrome3@1d057a39]" name="test" duration-ms="22202" started-at="2020-11-19T00:10:24Z" finished-at="2020-11-19T00:10:47Z">
          <reporter-output>
          </reporter-output>
        </test-method> <!-- test -->
      </class> <!-- dockersgrid.testwithChrome3 -->
      <class name="dockersgrid.testWithChrome2">
        <test-method status="PASS" signature="test()[pri:0, instance:dockersgrid.testWithChrome2@46d56d67]" name="test" duration-ms="11594" started-at="2020-11-19T00:10:24Z" finished-at="2020-11-19T00:10:36Z">
          <reporter-output>
          </reporter-output>
        </test-method> <!-- test -->
      </class> <!-- dockersgrid.testWithChrome2 -->
      <class name="dockersgrid.testWithFirefox_1">
        <test-method status="PASS" signature="test()[pri:0, instance:dockersgrid.testWithFirefox_1@14acaea5]" name="test" duration-ms="24139" started-at="2020-11-19T00:10:24Z" finished-at="2020-11-19T00:10:49Z">
          <reporter-output>
          </reporter-output>
        </test-method> <!-- test -->
      </class> <!-- dockersgrid.testWithFirefox_1 -->
    </test> <!-- Test -->
  </suite> <!-- Suite -->
</testng-results>
